0 info it worked if it ends with ok
1 verbose cli [ 'C:\\Program Files (x86)\\nodejs\\node.exe',
1 verbose cli   'C:\\Program Files (x86)\\nodejs\\node_modules\\npm\\bin\\npm-cli.js',
1 verbose cli   'install',
1 verbose cli   'require-contrib' ]
2 info using npm@2.14.12
3 info using node@v4.3.0
4 verbose install initial load of G:\LENA1\КУРСИ\LOCAL\ElenkaS.github.io\Javascript\21_22\package.json
5 warn package.json unit-tests@1.0.0 No description
6 warn package.json unit-tests@1.0.0 No repository field.
7 warn package.json unit-tests@1.0.0 No README data
8 verbose installManyTop reading scoped package data from G:\LENA1\КУРСИ\LOCAL\ElenkaS.github.io\Javascript\21_22\node_modules\babel\package.json
9 verbose installManyTop reading scoped package data from G:\LENA1\КУРСИ\LOCAL\ElenkaS.github.io\Javascript\21_22\node_modules\babel-preset-es2015\package.json
10 verbose installManyTop reading scoped package data from G:\LENA1\КУРСИ\LOCAL\ElenkaS.github.io\Javascript\21_22\node_modules\grunt\package.json
11 verbose installManyTop reading scoped package data from G:\LENA1\КУРСИ\LOCAL\ElenkaS.github.io\Javascript\21_22\node_modules\grunt-babel\package.json
12 verbose installManyTop reading scoped package data from G:\LENA1\КУРСИ\LOCAL\ElenkaS.github.io\Javascript\21_22\node_modules\grunt-contrib-jasmine\package.json
13 verbose installManyTop reading scoped package data from G:\LENA1\КУРСИ\LOCAL\ElenkaS.github.io\Javascript\21_22\node_modules\grunt-contrib-watch\package.json
14 verbose installManyTop reading scoped package data from G:\LENA1\КУРСИ\LOCAL\ElenkaS.github.io\Javascript\21_22\node_modules\jasmine-jquery\package.json
15 verbose installManyTop reading scoped package data from G:\LENA1\КУРСИ\LOCAL\ElenkaS.github.io\Javascript\21_22\node_modules\jquery\package.json
16 verbose installManyTop reading scoped package data from G:\LENA1\КУРСИ\LOCAL\ElenkaS.github.io\Javascript\21_22\node_modules\load-grunt-tasks\package.json
17 verbose installManyTop reading scoped package data from G:\LENA1\КУРСИ\LOCAL\ElenkaS.github.io\Javascript\21_22\node_modules\phantomjs\package.json
18 verbose installManyTop reading scoped package data from G:\LENA1\КУРСИ\LOCAL\ElenkaS.github.io\Javascript\21_22\node_modules\require\package.json
19 verbose installManyTop reading scoped package data from G:\LENA1\КУРСИ\LOCAL\ElenkaS.github.io\Javascript\21_22\node_modules\watch\package.json
20 info package.json grunt-contrib-watch@0.6.1 No license field.
21 info package.json grunt@0.4.5 No license field.
22 info package.json require@2.4.20 No license field.
23 verbose readDependencies loading dependencies from G:\LENA1\КУРСИ\LOCAL\ElenkaS.github.io\Javascript\21_22\package.json
24 silly cache add args [ 'require-contrib', null ]
25 verbose cache add spec require-contrib
26 silly cache add parsed spec Result {
26 silly cache add   raw: 'require-contrib',
26 silly cache add   scope: null,
26 silly cache add   name: 'require-contrib',
26 silly cache add   rawSpec: '',
26 silly cache add   spec: 'latest',
26 silly cache add   type: 'tag' }
27 silly addNamed require-contrib@latest
28 verbose addNamed "latest" is being treated as a dist-tag for require-contrib
29 info addNameTag [ 'require-contrib', 'latest' ]
30 silly mapToRegistry name require-contrib
31 silly mapToRegistry using default registry
32 silly mapToRegistry registry https://registry.npmjs.org/
33 silly mapToRegistry uri https://registry.npmjs.org/require-contrib
34 verbose addNameTag registry:https://registry.npmjs.org/require-contrib not in flight; fetching
35 verbose request uri https://registry.npmjs.org/require-contrib
36 verbose request no auth needed
37 info attempt registry request try #1 at 20:43:38
38 verbose request id 70753fe48aa398ca
39 http request GET https://registry.npmjs.org/require-contrib
40 http 404 https://registry.npmjs.org/require-contrib
41 verbose headers { 'content-type': 'application/json',
41 verbose headers   'cache-control': 'max-age=0',
41 verbose headers   'content-length': '2',
41 verbose headers   'accept-ranges': 'bytes',
41 verbose headers   date: 'Wed, 09 Mar 2016 18:43:45 GMT',
41 verbose headers   via: '1.1 varnish',
41 verbose headers   age: '0',
41 verbose headers   connection: 'keep-alive',
41 verbose headers   'x-served-by': 'cache-fra1238-FRA',
41 verbose headers   'x-cache': 'MISS',
41 verbose headers   'x-cache-hits': '0',
41 verbose headers   'x-timer': 'S1457549025.048283,VS0,VE756' }
42 silly get cb [ 404,
42 silly get   { 'content-type': 'application/json',
42 silly get     'cache-control': 'max-age=0',
42 silly get     'content-length': '2',
42 silly get     'accept-ranges': 'bytes',
42 silly get     date: 'Wed, 09 Mar 2016 18:43:45 GMT',
42 silly get     via: '1.1 varnish',
42 silly get     age: '0',
42 silly get     connection: 'keep-alive',
42 silly get     'x-served-by': 'cache-fra1238-FRA',
42 silly get     'x-cache': 'MISS',
42 silly get     'x-cache-hits': '0',
42 silly get     'x-timer': 'S1457549025.048283,VS0,VE756' } ]
43 verbose stack Error: Registry returned 404 for GET on https://registry.npmjs.org/require-contrib
43 verbose stack     at makeError (C:\Program Files (x86)\nodejs\node_modules\npm\node_modules\npm-registry-client\lib\request.js:264:12)
43 verbose stack     at CachingRegistryClient.<anonymous> (C:\Program Files (x86)\nodejs\node_modules\npm\node_modules\npm-registry-client\lib\request.js:242:14)
43 verbose stack     at Request._callback (C:\Program Files (x86)\nodejs\node_modules\npm\node_modules\npm-registry-client\lib\request.js:172:14)
43 verbose stack     at Request.self.callback (C:\Program Files (x86)\nodejs\node_modules\npm\node_modules\request\request.js:198:22)
43 verbose stack     at emitTwo (events.js:87:13)
43 verbose stack     at Request.emit (events.js:172:7)
43 verbose stack     at Request.<anonymous> (C:\Program Files (x86)\nodejs\node_modules\npm\node_modules\request\request.js:1082:10)
43 verbose stack     at emitOne (events.js:82:20)
43 verbose stack     at Request.emit (events.js:169:7)
43 verbose stack     at IncomingMessage.<anonymous> (C:\Program Files (x86)\nodejs\node_modules\npm\node_modules\request\request.js:1009:12)
44 verbose statusCode 404
45 verbose pkgid require-contrib
46 verbose cwd G:\LENA1\КУРСИ\LOCAL\ElenkaS.github.io\Javascript\21_22
47 error Windows_NT 6.1.7601
48 error argv "C:\\Program Files (x86)\\nodejs\\node.exe" "C:\\Program Files (x86)\\nodejs\\node_modules\\npm\\bin\\npm-cli.js" "install" "require-contrib"
49 error node v4.3.0
50 error npm  v2.14.12
51 error code E404
52 error 404 Registry returned 404 for GET on https://registry.npmjs.org/require-contrib
52 error 404
52 error 404 'require-contrib' is not in the npm registry.
52 error 404 You should bug the author to publish it (or use the name yourself!)
52 error 404 It was specified as a dependency of 'unit-tests'
52 error 404
52 error 404 Note that you can also install from a
52 error 404 tarball, folder, http url, or git url.
53 verbose exit [ 1, true ]
